
*** Running vivado
    with args -log base_timer_6.vds -m64 -product Vivado -mode batch -messageDb vivado.pb -notrace -source base_timer_6.tcl



****** Vivado v2024.1 (64-bit)
  **** SW Build 5076996 on Wed May 22 18:37:14 MDT 2024
  **** IP Build 5075265 on Wed May 22 21:45:21 MDT 2024
  **** SharedData Build 5076995 on Wed May 22 18:29:18 MDT 2024
  **** Start of session at: Mon Oct 21 15:32:02 2024
    ** Copyright 1986-2022 Xilinx, Inc. All Rights Reserved.
    ** Copyright 2022-2024 Advanced Micro Devices, Inc. All Rights Reserved.

source base_timer_6.tcl -notrace
create_project: Time (s): cpu = 00:00:09 ; elapsed = 00:00:10 . Memory (MB): peak = 487.371 ; gain = 202.531
INFO: [IP_Flow 19-234] Refreshing IP repositories
INFO: [IP_Flow 19-1700] Loaded user IP repository 'c:/XilinxDev/PBEAI3/PYNQ-master/boards/ip'.
INFO: [IP_Flow 19-2313] Loaded Vivado IP repository 'C:/Xilinx/Vivado/2024.1/data/ip'.
INFO: [IP_Flow 19-6924] IPCACHE: Running cache check for IP inst: base_timer_6
INFO: [IP_Flow 19-6922] IPCACHE: Exporting cached entry 91d10a17bf3fa1c0 to dir: C:/XilinxDev/PBEAI3/HDMI_test_base1/HDMI_test2/HDMI_test2.runs/base_timer_6_synth_1
INFO: [IP_Flow 19-6928] IPCACHE: copied cached file c:/XilinxDev/PBEAI3/HDMI_test_base1/HDMI_test2/HDMI_test2.cache/ip/2024.1/9/1/91d10a17bf3fa1c0/base_timer_0_1.dcp to C:/XilinxDev/PBEAI3/HDMI_test_base1/HDMI_test2/HDMI_test2.runs/base_timer_6_synth_1/base_timer_6.dcp.
INFO: [IP_Flow 19-6928] IPCACHE: copied cached file c:/XilinxDev/PBEAI3/HDMI_test_base1/HDMI_test2/HDMI_test2.cache/ip/2024.1/9/1/91d10a17bf3fa1c0/base_timer_0_1_sim_netlist.v to C:/XilinxDev/PBEAI3/HDMI_test_base1/HDMI_test2/HDMI_test2.runs/base_timer_6_synth_1/base_timer_6_sim_netlist.v.
INFO: [IP_Flow 19-6928] IPCACHE: copied cached file c:/XilinxDev/PBEAI3/HDMI_test_base1/HDMI_test2/HDMI_test2.cache/ip/2024.1/9/1/91d10a17bf3fa1c0/base_timer_0_1_sim_netlist.vhdl to C:/XilinxDev/PBEAI3/HDMI_test_base1/HDMI_test2/HDMI_test2.runs/base_timer_6_synth_1/base_timer_6_sim_netlist.vhdl.
INFO: [IP_Flow 19-6928] IPCACHE: copied cached file c:/XilinxDev/PBEAI3/HDMI_test_base1/HDMI_test2/HDMI_test2.cache/ip/2024.1/9/1/91d10a17bf3fa1c0/base_timer_0_1_stub.v to C:/XilinxDev/PBEAI3/HDMI_test_base1/HDMI_test2/HDMI_test2.runs/base_timer_6_synth_1/base_timer_6_stub.v.
INFO: [IP_Flow 19-6928] IPCACHE: copied cached file c:/XilinxDev/PBEAI3/HDMI_test_base1/HDMI_test2/HDMI_test2.cache/ip/2024.1/9/1/91d10a17bf3fa1c0/base_timer_0_1_stub.vhdl to C:/XilinxDev/PBEAI3/HDMI_test_base1/HDMI_test2/HDMI_test2.runs/base_timer_6_synth_1/base_timer_6_stub.vhdl.
INFO: [IP_Flow 19-4838] Using cached IP synthesis design for IP base_timer_6, cache-ID = 91d10a17bf3fa1c0.
INFO: [Common 17-206] Exiting Vivado at Mon Oct 21 15:32:17 2024...
