13:59:24 DEBUG : Logs will be stored at 'C:/EOS/Pynq-Z2-Video-main/baremetal/vitis/IDE.log'.
13:59:27 INFO  : Launching XSCT server: xsct.bat -n  -interactive C:\EOS\Pynq-Z2-Video-main\baremetal\vitis\temp_xsdb_launch_script.tcl
13:59:27 INFO  : Platform repository initialization has completed.
13:59:27 INFO  : Registering command handlers for Vitis TCF services
13:59:27 ERROR : (XSDB Server)'\gnu\microblaze\lin\bin\' is not recognized as an internal or external command,
operable program or batch file.

13:59:27 ERROR : (XSDB Server)'\gnu\microblaze\nt\bin\' is not recognized as an internal or external command,
operable program or batch file.

13:59:27 ERROR : (XSDB Server)'\gnuwin\bin\' is not recognized as an internal or external command,
operable program or batch file.

13:59:29 INFO  : XSCT server has started successfully.
13:59:29 INFO  : Successfully done setting XSCT server connection channel  
13:59:29 INFO  : plnx-install-location is set to ''
13:59:29 INFO  : Successfully done setting workspace for the tool. 
13:59:29 INFO  : Successfully done query RDI_DATADIR 
13:59:54 INFO  : Result from executing command 'getProjects': video_out_pynq_z2
13:59:54 INFO  : Result from executing command 'getPlatforms': 
13:59:54 WARN  : An unexpected exception occurred in the module 'platform project logging'
13:59:55 INFO  : Platform 'video_out_pynq_z2' is added to custom repositories.
14:00:01 INFO  : Platform 'video_out_pynq_z2' is added to custom repositories.
14:01:04 INFO  : Result from executing command 'getProjects': video_out_pynq_z2
14:01:04 INFO  : Result from executing command 'getPlatforms': video_out_pynq_z2|C:/EOS/Pynq-Z2-Video-main/baremetal/vitis/video_out_pynq_z2/export/video_out_pynq_z2/video_out_pynq_z2.xpfm
14:01:04 INFO  : Checking for BSP changes to sync application flags for project 'hdmi'...
14:01:33 INFO  : Checking for BSP changes to sync application flags for project 'hdmi'...
14:01:44 INFO  : Checking for BSP changes to sync application flags for project 'hdmi'...
14:02:13 INFO  : Checking for BSP changes to sync application flags for project 'hdmi'...
14:03:00 INFO  : Connected to target on host '127.0.0.1' and port '3121'.
14:03:00 INFO  : Jtag cable 'Xilinx HW-FTDI-TEST FT2232H 1234-tulA' is selected.
14:03:00 INFO  : 'jtag frequency' command is executed.
14:03:00 INFO  : Context for 'APU' is selected.
14:03:01 INFO  : System reset is completed.
14:03:04 INFO  : 'after 3000' command is executed.
14:03:04 INFO  : 'targets -set -filter {jtag_cable_name =~ "Xilinx HW-FTDI-TEST FT2232H 1234-tulA" && level==0 && jtag_device_ctx=="jsn-HW-FTDI-TEST FT2232H-1234-tulA-23727093-0"}' command is executed.
14:03:06 INFO  : Device configured successfully with "C:/EOS/Pynq-Z2-Video-main/baremetal/vitis/hdmi/_ide/bitstream/video_out_pynq_z2.bit"
14:03:06 INFO  : Context for 'APU' is selected.
14:03:06 INFO  : Hardware design and registers information is loaded from 'C:/EOS/Pynq-Z2-Video-main/baremetal/vitis/video_out_pynq_z2/export/video_out_pynq_z2/hw/video_out_pynq_z2.xsa'.
14:03:06 INFO  : 'configparams force-mem-access 1' command is executed.
14:03:06 INFO  : Context for 'APU' is selected.
14:03:06 INFO  : Sourcing of 'C:/EOS/Pynq-Z2-Video-main/baremetal/vitis/hdmi/_ide/psinit/ps7_init.tcl' is done.
14:03:06 INFO  : 'ps7_init' command is executed.
14:03:06 INFO  : 'ps7_post_config' command is executed.
14:03:06 INFO  : Context for processor 'ps7_cortexa9_0' is selected.
14:03:07 INFO  : The application 'C:/EOS/Pynq-Z2-Video-main/baremetal/vitis/hdmi/Debug/hdmi.elf' is downloaded to processor 'ps7_cortexa9_0'.
14:03:07 INFO  : 'configparams force-mem-access 0' command is executed.
14:03:07 INFO  : ----------------XSDB Script----------------
connect -url tcp:127.0.0.1:3121
targets -set -nocase -filter {name =~"APU*"}
rst -system
after 3000
targets -set -filter {jtag_cable_name =~ "Xilinx HW-FTDI-TEST FT2232H 1234-tulA" && level==0 && jtag_device_ctx=="jsn-HW-FTDI-TEST FT2232H-1234-tulA-23727093-0"}
fpga -file C:/EOS/Pynq-Z2-Video-main/baremetal/vitis/hdmi/_ide/bitstream/video_out_pynq_z2.bit
targets -set -nocase -filter {name =~"APU*"}
loadhw -hw C:/EOS/Pynq-Z2-Video-main/baremetal/vitis/video_out_pynq_z2/export/video_out_pynq_z2/hw/video_out_pynq_z2.xsa -mem-ranges [list {0x40000000 0xbfffffff}] -regs
configparams force-mem-access 1
targets -set -nocase -filter {name =~"APU*"}
source C:/EOS/Pynq-Z2-Video-main/baremetal/vitis/hdmi/_ide/psinit/ps7_init.tcl
ps7_init
ps7_post_config
targets -set -nocase -filter {name =~ "*A9*#0"}
dow C:/EOS/Pynq-Z2-Video-main/baremetal/vitis/hdmi/Debug/hdmi.elf
configparams force-mem-access 0
----------------End of Script----------------

14:03:07 INFO  : Context for processor 'ps7_cortexa9_0' is selected.
14:03:07 INFO  : 'con' command is executed.
14:03:07 INFO  : ----------------XSDB Script (After Launch)----------------
targets -set -nocase -filter {name =~ "*A9*#0"}
con
----------------End of Script----------------

14:03:07 INFO  : Launch script is exported to file 'C:\EOS\Pynq-Z2-Video-main\baremetal\vitis\hdmi_system\_ide\scripts\debugger_hdmi-default.tcl'
14:05:11 INFO  : Disconnected from the channel tcfchan#2.
12:53:03 DEBUG : Logs will be stored at 'C:/XilinxDev/PBEAI3/EOS_PXL_2025/vitis/IDE.log'.
13:00:28 DEBUG : Logs will be stored at 'C:/XilinxDev/PBEAI3/EOS_PXL_2025/vitis/IDE.log'.
13:00:29 INFO  : Launching XSCT server: xsct.bat -n  -interactive C:\XilinxDev\PBEAI3\EOS_PXL_2025\vitis\temp_xsdb_launch_script.tcl
13:00:29 ERROR : (XSDB Server)'\gnu\microblaze\lin\bin\' is not recognized as an internal or external command,
operable program or batch file.

13:00:29 ERROR : (XSDB Server)'\gnu\microblaze\nt\bin\' is not recognized as an internal or external command,
operable program or batch file.

13:00:29 ERROR : (XSDB Server)'\gnuwin\bin\' is not recognized as an internal or external command,
operable program or batch file.

13:00:36 INFO  : XSCT server has started successfully.
13:00:36 INFO  : Successfully done setting XSCT server connection channel  
13:00:36 INFO  : plnx-install-location is set to ''
13:00:36 INFO  : Successfully done setting workspace for the tool. 
13:00:37 INFO  : Registering command handlers for Vitis TCF services
13:00:37 ERROR : Error encountered while initializing user repository paths
Reason: No Platforms Found.


13:00:37 INFO  : Platform repository initialization has completed.
13:00:42 INFO  : Successfully done query RDI_DATADIR 
13:04:10 INFO  : Hardware specification for platform project 'video_out_pynq_z2' is updated.
13:06:16 ERROR : Error from executing command 'removePlatformRepo': ERROR: No valid directory exists at given path.
13:07:34 INFO  : Result from executing command 'getProjects': video_out_pynq_z2
13:07:34 INFO  : Result from executing command 'getPlatforms': 
13:07:34 INFO  : Checking for BSP changes to sync application flags for project 'hdmi'...
13:07:40 INFO  : Updating application flags with new BSP settings...
13:07:41 INFO  : Successfully updated application flags for project hdmi.
13:07:42 INFO  : The hardware specification used by project 'hdmi' is out of sync with the platform. Resource files extracted from the hardware specification will be updated.
13:07:42 INFO  : The file 'C:\XilinxDev\PBEAI3\EOS_PXL_2025\vitis\hdmi\_ide\bitstream\video_out_pynq_z2.bit' stored in project is removed.
13:07:42 INFO  : The updated bitstream files are copied from platform to folder 'C:\XilinxDev\PBEAI3\EOS_PXL_2025\vitis\hdmi\_ide\bitstream' in project 'hdmi'.
13:07:42 INFO  : The file 'C:\XilinxDev\PBEAI3\EOS_PXL_2025\vitis\hdmi\_ide\psinit\ps7_init.tcl' stored in project is removed.
13:07:51 INFO  : The updated ps init files are copied from platform to folder 'C:\XilinxDev\PBEAI3\EOS_PXL_2025\vitis\hdmi\_ide\psinit' in project 'hdmi'.
13:10:00 INFO  : Hardware specification for platform project 'video_out_pynq_z2' is updated.
