#-----------------------------------------------------------
# Vivado v2024.1 (64-bit)
# SW Build 5076996 on Wed May 22 18:37:14 MDT 2024
# IP Build 5075265 on Wed May 22 21:45:21 MDT 2024
# SharedData Build 5076995 on Wed May 22 18:29:18 MDT 2024
# Start of session at: Tue Nov 19 11:56:28 2024
# Process ID: 21860
# Current directory: C:/Users/Cey/test/Pynq-Z2-Video/hw/hw_proj/hw_proj.runs/video_out_pynq_z2_v_tpg_0_0_synth_1/prj/sol/impl/ip
# Command line: vivado.exe -notrace -mode batch -source run_ippack.tcl
# Log file: C:/Users/Cey/test/Pynq-Z2-Video/hw/hw_proj/hw_proj.runs/video_out_pynq_z2_v_tpg_0_0_synth_1/prj/sol/impl/ip/vivado.log
# Journal file: C:/Users/Cey/test/Pynq-Z2-Video/hw/hw_proj/hw_proj.runs/video_out_pynq_z2_v_tpg_0_0_synth_1/prj/sol/impl/ip\vivado.jou
# Running On        :MSI
# Platform          :Windows Server 2016 or Windows 10
# Operating System  :22631
# Processor Detail  :12th Gen Intel(R) Core(TM) i7-12700H
# CPU Frequency     :2688 MHz
# CPU Physical cores:14
# CPU Logical cores :20
# Host memory       :34116 MB
# Swap memory       :2147 MB
# Total Virtual     :36264 MB
# Available Virtual :22833 MB
#-----------------------------------------------------------
source run_ippack.tcl -notrace
INFO: calling package_hls_ip ip_types=vitis sysgen json_file=C:/Users/Cey/test/Pynq-Z2-Video/hw/hw_proj/hw_proj.runs/video_out_pynq_z2_v_tpg_0_0_synth_1/prj/sol/sol_data.json outdir=C:/Users/Cey/test/Pynq-Z2-Video/hw/hw_proj/hw_proj.runs/video_out_pynq_z2_v_tpg_0_0_synth_1/prj/sol/impl/ip srcdir=C:/Users/Cey/test/Pynq-Z2-Video/hw/hw_proj/hw_proj.runs/video_out_pynq_z2_v_tpg_0_0_synth_1/prj/sol sort_interfaces_ports=false
INFO: Copied 1 ipmisc file(s) to C:/Users/Cey/test/Pynq-Z2-Video/hw/hw_proj/hw_proj.runs/video_out_pynq_z2_v_tpg_0_0_synth_1/prj/sol/impl/ip/misc
INFO: Copied 103 verilog file(s) to C:/Users/Cey/test/Pynq-Z2-Video/hw/hw_proj/hw_proj.runs/video_out_pynq_z2_v_tpg_0_0_synth_1/prj/sol/impl/ip/hdl/verilog
INFO: Copied 70 vhdl file(s) to C:/Users/Cey/test/Pynq-Z2-Video/hw/hw_proj/hw_proj.runs/video_out_pynq_z2_v_tpg_0_0_synth_1/prj/sol/impl/ip/hdl/vhdl
INFO: Copied 10 swdriver file(s) to C:/Users/Cey/test/Pynq-Z2-Video/hw/hw_proj/hw_proj.runs/video_out_pynq_z2_v_tpg_0_0_synth_1/prj/sol/impl/ip/drivers
ipx::create_core: Time (s): cpu = 00:00:01 ; elapsed = 00:00:10 . Memory (MB): peak = 507.137 ; gain = 192.930
INFO: Import ports from HDL: C:/Users/Cey/test/Pynq-Z2-Video/hw/hw_proj/hw_proj.runs/video_out_pynq_z2_v_tpg_0_0_synth_1/prj/sol/impl/ip/hdl/vhdl/video_out_pynq_z2_v_tpg_0_0_v_tpg.vhd (video_out_pynq_z2_v_tpg_0_0_v_tpg)
INFO: Add axi4lite interface s_axi_CTRL
INFO: Add clock interface ap_clk
INFO: Add reset interface ap_rst_n
INFO: Add interrupt interface interrupt
INFO: [IP_Flow 19-234] Refreshing IP repositories
INFO: [IP_Flow 19-1704] No user IP repositories specified
INFO: [IP_Flow 19-2313] Loaded Vivado IP repository 'C:/Xilinx/Vivado/2024.1/data/ip'.
INFO: Add data interface fid_in
INFO: Add axi4stream interface m_axis_video
INFO: Add data interface fid
INFO: Calling post_process_vitis to specialize IP
INFO: Calling post_process_sysgen to specialize IP
Generating sysgen info xml from json file
INFO: Created IP C:/Users/Cey/test/Pynq-Z2-Video/hw/hw_proj/hw_proj.runs/video_out_pynq_z2_v_tpg_0_0_synth_1/prj/sol/impl/ip/component.xml
INFO: Created IP archive C:/Users/Cey/test/Pynq-Z2-Video/hw/hw_proj/hw_proj.runs/video_out_pynq_z2_v_tpg_0_0_synth_1/prj/sol/impl/ip/xilinx_com_ip_v_tpg_8_2.zip
INFO: [Common 17-206] Exiting Vivado at Tue Nov 19 11:56:47 2024...
