
*** Running vivado
    with args -log base_pmoda_rpi_o_sel_0.vds -m64 -product Vivado -mode batch -messageDb vivado.pb -notrace -source base_pmoda_rpi_o_sel_0.tcl



****** Vivado v2024.1 (64-bit)
  **** SW Build 5076996 on Wed May 22 18:37:14 MDT 2024
  **** IP Build 5075265 on Wed May 22 21:45:21 MDT 2024
  **** SharedData Build 5076995 on Wed May 22 18:29:18 MDT 2024
  **** Start of session at: Mon Oct 21 15:33:58 2024
    ** Copyright 1986-2022 Xilinx, Inc. All Rights Reserved.
    ** Copyright 2022-2024 Advanced Micro Devices, Inc. All Rights Reserved.

source base_pmoda_rpi_o_sel_0.tcl -notrace
create_project: Time (s): cpu = 00:00:08 ; elapsed = 00:00:11 . Memory (MB): peak = 487.641 ; gain = 200.316
INFO: [IP_Flow 19-234] Refreshing IP repositories
INFO: [IP_Flow 19-1700] Loaded user IP repository 'c:/XilinxDev/PBEAI3/PYNQ-master/boards/ip'.
INFO: [IP_Flow 19-2313] Loaded Vivado IP repository 'C:/Xilinx/Vivado/2024.1/data/ip'.
INFO: [IP_Flow 19-6924] IPCACHE: Running cache check for IP inst: base_pmoda_rpi_o_sel_0
INFO: [IP_Flow 19-6922] IPCACHE: Exporting cached entry a5a342fa29a8aef0 to dir: C:/XilinxDev/PBEAI3/HDMI_test_base1/HDMI_test2/HDMI_test2.runs/base_pmoda_rpi_o_sel_0_synth_1
INFO: [IP_Flow 19-6928] IPCACHE: copied cached file c:/XilinxDev/PBEAI3/HDMI_test_base1/HDMI_test2/HDMI_test2.cache/ip/2024.1/a/5/a5a342fa29a8aef0/base_pmoda_rpi_t_sel_0.dcp to C:/XilinxDev/PBEAI3/HDMI_test_base1/HDMI_test2/HDMI_test2.runs/base_pmoda_rpi_o_sel_0_synth_1/base_pmoda_rpi_o_sel_0.dcp.
INFO: [IP_Flow 19-6928] IPCACHE: copied cached file c:/XilinxDev/PBEAI3/HDMI_test_base1/HDMI_test2/HDMI_test2.cache/ip/2024.1/a/5/a5a342fa29a8aef0/base_pmoda_rpi_t_sel_0_sim_netlist.v to C:/XilinxDev/PBEAI3/HDMI_test_base1/HDMI_test2/HDMI_test2.runs/base_pmoda_rpi_o_sel_0_synth_1/base_pmoda_rpi_o_sel_0_sim_netlist.v.
INFO: [IP_Flow 19-6928] IPCACHE: copied cached file c:/XilinxDev/PBEAI3/HDMI_test_base1/HDMI_test2/HDMI_test2.cache/ip/2024.1/a/5/a5a342fa29a8aef0/base_pmoda_rpi_t_sel_0_sim_netlist.vhdl to C:/XilinxDev/PBEAI3/HDMI_test_base1/HDMI_test2/HDMI_test2.runs/base_pmoda_rpi_o_sel_0_synth_1/base_pmoda_rpi_o_sel_0_sim_netlist.vhdl.
INFO: [IP_Flow 19-6928] IPCACHE: copied cached file c:/XilinxDev/PBEAI3/HDMI_test_base1/HDMI_test2/HDMI_test2.cache/ip/2024.1/a/5/a5a342fa29a8aef0/base_pmoda_rpi_t_sel_0_stub.v to C:/XilinxDev/PBEAI3/HDMI_test_base1/HDMI_test2/HDMI_test2.runs/base_pmoda_rpi_o_sel_0_synth_1/base_pmoda_rpi_o_sel_0_stub.v.
INFO: [IP_Flow 19-6928] IPCACHE: copied cached file c:/XilinxDev/PBEAI3/HDMI_test_base1/HDMI_test2/HDMI_test2.cache/ip/2024.1/a/5/a5a342fa29a8aef0/base_pmoda_rpi_t_sel_0_stub.vhdl to C:/XilinxDev/PBEAI3/HDMI_test_base1/HDMI_test2/HDMI_test2.runs/base_pmoda_rpi_o_sel_0_synth_1/base_pmoda_rpi_o_sel_0_stub.vhdl.
INFO: [IP_Flow 19-4838] Using cached IP synthesis design for IP base_pmoda_rpi_o_sel_0, cache-ID = a5a342fa29a8aef0.
INFO: [Common 17-206] Exiting Vivado at Mon Oct 21 15:34:14 2024...
