Copyright 1986-2022 Xilinx, Inc. All Rights Reserved. Copyright 2022-2024 Advanced Micro Devices, Inc. All Rights Reserved.
----------------------------------------------------------------------------------------------------------------------------------------------------------------------
| Tool Version     : Vivado v.2024.1 (win64) Build 5076996 Wed May 22 18:37:14 MDT 2024
| Date             : Wed Dec 18 11:25:31 2024
| Host             : dries_laptop running 64-bit major release  (build 9200)
| Command          : report_power -file design_1_wrapper_power_routed.rpt -pb design_1_wrapper_power_summary_routed.pb -rpx design_1_wrapper_power_routed.rpx
| Design           : design_1_wrapper
| Device           : xc7z020clg400-1
| Design State     : routed
| Grade            : commercial
| Process          : typical
| Characterization : Production
----------------------------------------------------------------------------------------------------------------------------------------------------------------------

Power Report

Table of Contents
-----------------
1. Summary
1.1 On-Chip Components
1.2 Power Supply Summary
1.3 Confidence Level
2. Settings
2.1 Environment
2.2 Clock Constraints
3. Detailed Reports
3.1 By Hierarchy

1. Summary
----------

+--------------------------+--------------+
| Total On-Chip Power (W)  | 1.889        |
| Design Power Budget (W)  | Unspecified* |
| Power Budget Margin (W)  | NA           |
| Dynamic (W)              | 1.737        |
| Device Static (W)        | 0.151        |
| Effective TJA (C/W)      | 11.5         |
| Max Ambient (C)          | 63.2         |
| Junction Temperature (C) | 46.8         |
| Confidence Level         | Medium       |
| Setting File             | ---          |
| Simulation Activity File | ---          |
| Design Nets Matched      | NA           |
+--------------------------+--------------+
* Specify Design Power Budget using, set_operating_conditions -design_power_budget <value in Watts>


1.1 On-Chip Components
----------------------

+--------------------------+-----------+----------+-----------+-----------------+
| On-Chip                  | Power (W) | Used     | Available | Utilization (%) |
+--------------------------+-----------+----------+-----------+-----------------+
| Clocks                   |     0.036 |        9 |       --- |             --- |
| Slice Logic              |     0.012 |    18510 |       --- |             --- |
|   LUT as Logic           |     0.009 |     6172 |     53200 |           11.60 |
|   CARRY4                 |     0.001 |      428 |     13300 |            3.22 |
|   Register               |    <0.001 |     8766 |    106400 |            8.24 |
|   LUT as Shift Register  |    <0.001 |      381 |     17400 |            2.19 |
|   F7/F8 Muxes            |    <0.001 |       27 |     53200 |            0.05 |
|   LUT as Distributed RAM |    <0.001 |       18 |     17400 |            0.10 |
|   Others                 |     0.000 |      787 |       --- |             --- |
| Signals                  |     0.016 |    13466 |       --- |             --- |
| Block RAM                |     0.013 |     10.5 |       140 |            7.50 |
| MMCM                     |     0.116 |        1 |         4 |           25.00 |
| PLL                      |     0.135 |        1 |         4 |           25.00 |
| DSPs                     |     0.014 |       14 |       220 |            6.36 |
| I/O                      |     0.133 |        8 |       125 |            6.40 |
| PS7                      |     1.262 |        1 |       --- |             --- |
| Static Power             |     0.151 |          |           |                 |
| Total                    |     1.888 |          |           |                 |
+--------------------------+-----------+----------+-----------+-----------------+


1.2 Power Supply Summary
------------------------

+-----------+-------------+-----------+-------------+------------+-------------+-------------+------------+
| Source    | Voltage (V) | Total (A) | Dynamic (A) | Static (A) | Powerup (A) | Budget (A)  | Margin (A) |
+-----------+-------------+-----------+-------------+------------+-------------+-------------+------------+
| Vccint    |       1.000 |     0.122 |       0.105 |      0.017 |       NA    | Unspecified | NA         |
| Vccaux    |       1.800 |     0.148 |       0.132 |      0.016 |       NA    | Unspecified | NA         |
| Vcco33    |       3.300 |     0.041 |       0.040 |      0.001 |       NA    | Unspecified | NA         |
| Vcco25    |       2.500 |     0.000 |       0.000 |      0.000 |       NA    | Unspecified | NA         |
| Vcco18    |       1.800 |     0.000 |       0.000 |      0.000 |       NA    | Unspecified | NA         |
| Vcco15    |       1.500 |     0.000 |       0.000 |      0.000 |       NA    | Unspecified | NA         |
| Vcco135   |       1.350 |     0.000 |       0.000 |      0.000 |       NA    | Unspecified | NA         |
| Vcco12    |       1.200 |     0.000 |       0.000 |      0.000 |       NA    | Unspecified | NA         |
| Vccaux_io |       1.800 |     0.000 |       0.000 |      0.000 |       NA    | Unspecified | NA         |
| Vccbram   |       1.000 |     0.003 |       0.001 |      0.002 |       NA    | Unspecified | NA         |
| MGTAVcc   |       1.000 |     0.000 |       0.000 |      0.000 |       NA    | Unspecified | NA         |
| MGTAVtt   |       1.200 |     0.000 |       0.000 |      0.000 |       NA    | Unspecified | NA         |
| MGTVccaux |       1.800 |     0.000 |       0.000 |      0.000 |       NA    | Unspecified | NA         |
| Vccpint   |       1.000 |     0.685 |       0.653 |      0.033 |       NA    | Unspecified | NA         |
| Vccpaux   |       1.800 |     0.036 |       0.026 |      0.010 |       NA    | Unspecified | NA         |
| Vccpll    |       1.800 |     0.017 |       0.014 |      0.003 |       NA    | Unspecified | NA         |
| Vcco_ddr  |       1.500 |     0.354 |       0.352 |      0.002 |       NA    | Unspecified | NA         |
| Vcco_mio0 |       3.300 |     0.003 |       0.002 |      0.001 |       NA    | Unspecified | NA         |
| Vcco_mio1 |       1.800 |     0.003 |       0.002 |      0.001 |       NA    | Unspecified | NA         |
| Vccadc    |       1.800 |     0.020 |       0.000 |      0.020 |       NA    | Unspecified | NA         |
+-----------+-------------+-----------+-------------+------------+-------------+-------------+------------+


1.3 Confidence Level
--------------------

+-----------------------------+------------+------------------------------------------------+------------------------------------------------------------------------------------------------------------+
| User Input Data             | Confidence | Details                                        | Action                                                                                                     |
+-----------------------------+------------+------------------------------------------------+------------------------------------------------------------------------------------------------------------+
| Design implementation state | High       | Design is routed                               |                                                                                                            |
| Clock nodes activity        | High       | User specified more than 95% of clocks         |                                                                                                            |
| I/O nodes activity          | High       | User specified more than 95% of inputs         |                                                                                                            |
| Internal nodes activity     | Medium     | User specified less than 25% of internal nodes | Provide missing internal nodes activity with simulation results or by editing the "By Resource Type" views |
| Device models               | High       | Device models are Production                   |                                                                                                            |
|                             |            |                                                |                                                                                                            |
| Overall confidence level    | Medium     |                                                |                                                                                                            |
+-----------------------------+------------+------------------------------------------------+------------------------------------------------------------------------------------------------------------+


2. Settings
-----------

2.1 Environment
---------------

+-----------------------+------------------------+
| Ambient Temp (C)      | 25.0                   |
| ThetaJA (C/W)         | 11.5                   |
| Airflow (LFM)         | 250                    |
| Heat Sink             | none                   |
| ThetaSA (C/W)         | 0.0                    |
| Board Selection       | medium (10"x10")       |
| # of Board Layers     | 8to11 (8 to 11 Layers) |
| Board Temperature (C) | 25.0                   |
+-----------------------+------------------------+


2.2 Clock Constraints
---------------------

+-------------------------------+--------------------------------------------------------------+-----------------+
| Clock                         | Domain                                                       | Constraint (ns) |
+-------------------------------+--------------------------------------------------------------+-----------------+
| CLKFBIN                       | design_1_i/rgb2dvi_0/U0/ClockGenInternal.ClockGenX/CLKFBIN   |            13.5 |
| PixelClkIO                    | design_1_i/rgb2dvi_0/U0/ClockGenInternal.ClockGenX/PixelClk  |            13.5 |
| SerialClkIO                   | design_1_i/rgb2dvi_0/U0/ClockGenInternal.ClockGenX/SerialClk |             2.7 |
| clk_fpga_0                    | design_1_i/processing_system7_0/inst/FCLK_CLK0               |            10.0 |
| clk_fpga_0                    | design_1_i/processing_system7_0/inst/FCLK_CLK_unbuffered[0]  |            10.0 |
| clk_out1_design_1_clk_wiz_0_1 | design_1_i/clk_wiz_0/inst/clk_out1_design_1_clk_wiz_0_1      |            13.5 |
| clkfbout_design_1_clk_wiz_0_1 | design_1_i/clk_wiz_0/inst/clkfbout_design_1_clk_wiz_0_1      |            40.0 |
+-------------------------------+--------------------------------------------------------------+-----------------+


3. Detailed Reports
-------------------

3.1 By Hierarchy
----------------

+--------------------------+-----------+
| Name                     | Power (W) |
+--------------------------+-----------+
| design_1_wrapper         |     1.737 |
|   design_1_i             |     1.737 |
|     axi_mem_intercon     |     0.003 |
|       m00_couplers       |     0.001 |
|       xbar               |     0.001 |
|     axi_vdma_0           |     0.021 |
|       U0                 |     0.021 |
|     clk_wiz_0            |     0.117 |
|       inst               |     0.117 |
|     processing_system7_0 |     1.263 |
|       inst               |     1.263 |
|     ps7_0_axi_periph     |     0.004 |
|       s00_couplers       |     0.003 |
|       xbar               |     0.001 |
|     rgb2dvi_0            |     0.272 |
|       U0                 |     0.272 |
|     v_axi4s_vid_out_0    |     0.004 |
|       inst               |     0.004 |
|     v_tpg_0              |     0.052 |
|       U0                 |     0.052 |
+--------------------------+-----------+


