#-----------------------------------------------------------
# Vivado v2024.1 (64-bit)
# SW Build 5076996 on Wed May 22 18:37:14 MDT 2024
# IP Build 5075265 on Wed May 22 21:45:21 MDT 2024
# SharedData Build 5076995 on Wed May 22 18:29:18 MDT 2024
# Start of session at: Tue Nov 26 12:00:28 2024
# Process ID: 21376
# Current directory: C:/XilinxDev/PBEAI3/EOS_PXL_2025/BaseDesign
# Command line: vivado.exe -gui_launcher_event rodinguilauncherevent24356 C:\XilinxDev\PBEAI3\EOS_PXL_2025\BaseDesign\BaseDesign.xpr
# Log file: C:/XilinxDev/PBEAI3/EOS_PXL_2025/BaseDesign/vivado.log
# Journal file: C:/XilinxDev/PBEAI3/EOS_PXL_2025/BaseDesign\vivado.jou
# Running On        :Beta
# Platform          :Windows Server 2016 or Windows 10
# Operating System  :22631
# Processor Detail  :AMD Ryzen 5 7640U w/ Radeon 760M Graphics      
# CPU Frequency     :3493 MHz
# CPU Physical cores:6
# CPU Logical cores :11
# Host memory       :33492 MB
# Swap memory       :9781 MB
# Total Virtual     :43273 MB
# Available Virtual :26125 MB
#-----------------------------------------------------------
start_gui
open_project C:/XilinxDev/PBEAI3/EOS_PXL_2025/BaseDesign/BaseDesign.xpr
WARNING: [Board 49-26] cannot add Board Part xilinx.com:ac701:part0:1.4 available at C:/Xilinx/Vivado/2024.1/data/xhub/boards/XilinxBoardStore/boards/Xilinx/ac701/1.4/board.xml as part xc7a200tfbg676-2 specified in board_part file is either invalid or not available
WARNING: [Board 49-26] cannot add Board Part xilinx.com:k24c:part0:1.0 available at C:/Xilinx/Vivado/2024.1/data/xhub/boards/XilinxBoardStore/boards/Xilinx/k24c/1.0/board.xml as part xck24-ubva530-2lv-c specified in board_part file is either invalid or not available
WARNING: [Board 49-26] cannot add Board Part xilinx.com:k24i:part0:1.0 available at C:/Xilinx/Vivado/2024.1/data/xhub/boards/XilinxBoardStore/boards/Xilinx/k24i/1.0/board.xml as part xck24-ubva530-2lvi-i specified in board_part file is either invalid or not available
WARNING: [Board 49-26] cannot add Board Part xilinx.com:k26c:part0:1.2 available at C:/Xilinx/Vivado/2024.1/data/xhub/boards/XilinxBoardStore/boards/Xilinx/k26c/1.2/board.xml as part xck26-sfvc784-2lv-c specified in board_part file is either invalid or not available
WARNING: [Board 49-26] cannot add Board Part xilinx.com:k26c:part0:1.3 available at C:/Xilinx/Vivado/2024.1/data/xhub/boards/XilinxBoardStore/boards/Xilinx/k26c/1.3/board.xml as part xck26-sfvc784-2lv-c specified in board_part file is either invalid or not available
WARNING: [Board 49-26] cannot add Board Part xilinx.com:k26c:part0:1.4 available at C:/Xilinx/Vivado/2024.1/data/xhub/boards/XilinxBoardStore/boards/Xilinx/k26c/1.4/board.xml as part xck26-sfvc784-2lv-c specified in board_part file is either invalid or not available
WARNING: [Board 49-26] cannot add Board Part xilinx.com:k26i:part0:1.2 available at C:/Xilinx/Vivado/2024.1/data/xhub/boards/XilinxBoardStore/boards/Xilinx/k26i/1.2/board.xml as part xck26-sfvc784-2lvi-i specified in board_part file is either invalid or not available
WARNING: [Board 49-26] cannot add Board Part xilinx.com:k26i:part0:1.3 available at C:/Xilinx/Vivado/2024.1/data/xhub/boards/XilinxBoardStore/boards/Xilinx/k26i/1.3/board.xml as part xck26-sfvc784-2lvi-i specified in board_part file is either invalid or not available
WARNING: [Board 49-26] cannot add Board Part xilinx.com:k26i:part0:1.4 available at C:/Xilinx/Vivado/2024.1/data/xhub/boards/XilinxBoardStore/boards/Xilinx/k26i/1.4/board.xml as part xck26-sfvc784-2lvi-i specified in board_part file is either invalid or not available
WARNING: [Board 49-26] cannot add Board Part xilinx.com:kc705:part0:1.6 available at C:/Xilinx/Vivado/2024.1/data/xhub/boards/XilinxBoardStore/boards/Xilinx/kc705/1.6/board.xml as part xc7k325tffg900-2 specified in board_part file is either invalid or not available
WARNING: [Board 49-26] cannot add Board Part xilinx.com:kcu105:part0:1.6 available at C:/Xilinx/Vivado/2024.1/data/xhub/boards/XilinxBoardStore/boards/Xilinx/kcu105/1.6/board.xml as part xcku040-ffva1156-2-e specified in board_part file is either invalid or not available
WARNING: [Board 49-26] cannot add Board Part xilinx.com:kcu105:part0:1.7 available at C:/Xilinx/Vivado/2024.1/data/xhub/boards/XilinxBoardStore/boards/Xilinx/kcu105/1.7/board.xml as part xcku040-ffva1156-2-e specified in board_part file is either invalid or not available
WARNING: [Board 49-26] cannot add Board Part xilinx.com:kcu116:part0:1.4 available at C:/Xilinx/Vivado/2024.1/data/xhub/boards/XilinxBoardStore/boards/Xilinx/kcu116/1.4/board.xml as part xcku5p-ffvb676-2-e specified in board_part file is either invalid or not available
WARNING: [Board 49-26] cannot add Board Part xilinx.com:kcu116:part0:1.5 available at C:/Xilinx/Vivado/2024.1/data/xhub/boards/XilinxBoardStore/boards/Xilinx/kcu116/1.5/board.xml as part xcku5p-ffvb676-2-e specified in board_part file is either invalid or not available
WARNING: [Board 49-26] cannot add Board Part xilinx.com:kcu1500:part0:1.2 available at C:/Xilinx/Vivado/2024.1/data/xhub/boards/XilinxBoardStore/boards/Xilinx/kcu1500/1.2/board.xml as part xcku115-flvb2104-2-e specified in board_part file is either invalid or not available
WARNING: [Board 49-26] cannot add Board Part xilinx.com:kd240_som:part0:1.0 available at C:/Xilinx/Vivado/2024.1/data/xhub/boards/XilinxBoardStore/boards/Xilinx/kd240_som/1.0/board.xml as part xck24-ubva530-2lv-c specified in board_part file is either invalid or not available
WARNING: [Board 49-26] cannot add Board Part xilinx.com:kr260_som:part0:1.0 available at C:/Xilinx/Vivado/2024.1/data/xhub/boards/XilinxBoardStore/boards/Xilinx/kr260_som/1.0/board.xml as part xck26-sfvc784-2lv-c specified in board_part file is either invalid or not available
WARNING: [Board 49-26] cannot add Board Part xilinx.com:kr260_som:part0:1.1 available at C:/Xilinx/Vivado/2024.1/data/xhub/boards/XilinxBoardStore/boards/Xilinx/kr260_som/1.1/board.xml as part xck26-sfvc784-2lv-c specified in board_part file is either invalid or not available
WARNING: [Board 49-26] cannot add Board Part xilinx.com:kv260_som:part0:1.2 available at C:/Xilinx/Vivado/2024.1/data/xhub/boards/XilinxBoardStore/boards/Xilinx/kv260_som/1.2/board.xml as part xck26-sfvc784-2lv-c specified in board_part file is either invalid or not available
WARNING: [Board 49-26] cannot add Board Part xilinx.com:kv260_som:part0:1.3 available at C:/Xilinx/Vivado/2024.1/data/xhub/boards/XilinxBoardStore/boards/Xilinx/kv260_som/1.3/board.xml as part xck26-sfvc784-2lv-c specified in board_part file is either invalid or not available
WARNING: [Board 49-26] cannot add Board Part xilinx.com:kv260_som:part0:1.4 available at C:/Xilinx/Vivado/2024.1/data/xhub/boards/XilinxBoardStore/boards/Xilinx/kv260_som/1.4/board.xml as part xck26-sfvc784-2lv-c specified in board_part file is either invalid or not available
WARNING: [Board 49-26] cannot add Board Part xilinx.com:sp701:part0:1.0 available at C:/Xilinx/Vivado/2024.1/data/xhub/boards/XilinxBoardStore/boards/Xilinx/sp701/1.0/board.xml as part xc7s100fgga676-2 specified in board_part file is either invalid or not available
WARNING: [Board 49-26] cannot add Board Part xilinx.com:sp701:part0:1.1 available at C:/Xilinx/Vivado/2024.1/data/xhub/boards/XilinxBoardStore/boards/Xilinx/sp701/1.1/board.xml as part xc7s100fgga676-2 specified in board_part file is either invalid or not available
WARNING: [Board 49-26] cannot add Board Part xilinx.com:vc707:part0:1.4 available at C:/Xilinx/Vivado/2024.1/data/xhub/boards/XilinxBoardStore/boards/Xilinx/vc707/1.4/board.xml as part xc7vx485tffg1761-2 specified in board_part file is either invalid or not available
WARNING: [Board 49-26] cannot add Board Part xilinx.com:vc709:part0:1.8 available at C:/Xilinx/Vivado/2024.1/data/xhub/boards/XilinxBoardStore/boards/Xilinx/vc709/1.8/board.xml as part xc7vx690tffg1761-2 specified in board_part file is either invalid or not available
WARNING: [Board 49-26] cannot add Board Part xilinx.com:vck190:part0:2.2 available at C:/Xilinx/Vivado/2024.1/data/xhub/boards/XilinxBoardStore/boards/Xilinx/vck190/production/2.2/board.xml as part xcvc1902-vsva2197-2mp-e-s specified in board_part file is either invalid or not available
WARNING: [Board 49-26] cannot add Board Part xilinx.com:vck190:part0:3.0 available at C:/Xilinx/Vivado/2024.1/data/xhub/boards/XilinxBoardStore/boards/Xilinx/vck190/production/3.0/board.xml as part xcvc1902-vsva2197-2mp-e-s specified in board_part file is either invalid or not available
WARNING: [Board 49-26] cannot add Board Part xilinx.com:vck190:part0:3.1 available at C:/Xilinx/Vivado/2024.1/data/xhub/boards/XilinxBoardStore/boards/Xilinx/vck190/production/3.1/board.xml as part xcvc1902-vsva2197-2mp-e-s specified in board_part file is either invalid or not available
WARNING: [Board 49-26] cannot add Board Part xilinx.com:vck190:part0:3.2 available at C:/Xilinx/Vivado/2024.1/data/xhub/boards/XilinxBoardStore/boards/Xilinx/vck190/production/3.2/board.xml as part xcvc1902-vsva2197-2mp-e-s specified in board_part file is either invalid or not available
WARNING: [Board 49-26] cannot add Board Part xilinx.com:vck190:part0:3.3 available at C:/Xilinx/Vivado/2024.1/data/xhub/boards/XilinxBoardStore/boards/Xilinx/vck190/production/3.3/board.xml as part xcvc1902-vsva2197-2mp-e-s specified in board_part file is either invalid or not available
WARNING: [Board 49-26] cannot add Board Part xilinx.com:vck190_newl:part0:1.0 available at C:/Xilinx/Vivado/2024.1/data/xhub/boards/XilinxBoardStore/boards/Xilinx/vck190_newl/production/1.0/board.xml as part xcvc1902-vsva2197-2mp-e-s specified in board_part file is either invalid or not available
WARNING: [Board 49-26] cannot add Board Part xilinx.com:vck190_newl:part0:1.1 available at C:/Xilinx/Vivado/2024.1/data/xhub/boards/XilinxBoardStore/boards/Xilinx/vck190_newl/production/1.1/board.xml as part xcvc1902-vsva2197-2mp-e-s specified in board_part file is either invalid or not available
WARNING: [Board 49-26] cannot add Board Part xilinx.com:vck190_newl:part0:1.2 available at C:/Xilinx/Vivado/2024.1/data/xhub/boards/XilinxBoardStore/boards/Xilinx/vck190_newl/production/1.2/board.xml as part xcvc1902-vsva2197-2mp-e-s specified in board_part file is either invalid or not available
WARNING: [Board 49-26] cannot add Board Part xilinx.com:vcu108:part0:1.6 available at C:/Xilinx/Vivado/2024.1/data/xhub/boards/XilinxBoardStore/boards/Xilinx/vcu108/1.6/board.xml as part xcvu095-ffva2104-2-e specified in board_part file is either invalid or not available
WARNING: [Board 49-26] cannot add Board Part xilinx.com:vcu108:part0:1.7 available at C:/Xilinx/Vivado/2024.1/data/xhub/boards/XilinxBoardStore/boards/Xilinx/vcu108/1.7/board.xml as part xcvu095-ffva2104-2-e specified in board_part file is either invalid or not available
WARNING: [Board 49-26] cannot add Board Part xilinx.com:vcu110:part0:1.4 available at C:/Xilinx/Vivado/2024.1/data/xhub/boards/XilinxBoardStore/boards/Xilinx/vcu110/1.4/board.xml as part xcvu190-flgc2104-2-e specified in board_part file is either invalid or not available
WARNING: [Board 49-26] cannot add Board Part xilinx.com:vcu118:part0:2.0 available at C:/Xilinx/Vivado/2024.1/data/xhub/boards/XilinxBoardStore/boards/Xilinx/vcu118/2.0/board.xml as part xcvu9p-flga2104-2l-e specified in board_part file is either invalid or not available
WARNING: [Board 49-26] cannot add Board Part xilinx.com:vcu118:part0:2.3 available at C:/Xilinx/Vivado/2024.1/data/xhub/boards/XilinxBoardStore/boards/Xilinx/vcu118/2.3/board.xml as part xcvu9p-flga2104-2l-e specified in board_part file is either invalid or not available
WARNING: [Board 49-26] cannot add Board Part xilinx.com:vcu118:part0:2.4 available at C:/Xilinx/Vivado/2024.1/data/xhub/boards/XilinxBoardStore/boards/Xilinx/vcu118/2.4/board.xml as part xcvu9p-flga2104-2l-e specified in board_part file is either invalid or not available
WARNING: [Board 49-26] cannot add Board Part xilinx.com:vcu128:part0:1.0 available at C:/Xilinx/Vivado/2024.1/data/xhub/boards/XilinxBoardStore/boards/Xilinx/vcu128/production/1.0/board.xml as part xcvu37p-fsvh2892-2l-e specified in board_part file is either invalid or not available
WARNING: [Board 49-26] cannot add Board Part xilinx.com:vcu129:part0:1.0 available at C:/Xilinx/Vivado/2024.1/data/xhub/boards/XilinxBoardStore/boards/Xilinx/vcu129/production/1.0/board.xml as part xcvu29p-fsga2577-2l-e specified in board_part file is either invalid or not available
WARNING: [Board 49-26] cannot add Board Part xilinx.com:vcu1525:part0:1.3 available at C:/Xilinx/Vivado/2024.1/data/xhub/boards/XilinxBoardStore/boards/Xilinx/vcu1525/1.3/board.xml as part xcvu9p-fsgd2104-2l-e specified in board_part file is either invalid or not available
WARNING: [Board 49-26] cannot add Board Part xilinx.com:vek280:part0:1.0 available at C:/Xilinx/Vivado/2024.1/data/xhub/boards/XilinxBoardStore/boards/Xilinx/vek280/production/1.0/board.xml as part xcve2802-vsvh1760-2mp-e-s specified in board_part file is either invalid or not available
WARNING: [Board 49-26] cannot add Board Part xilinx.com:vek280:part0:1.1 available at C:/Xilinx/Vivado/2024.1/data/xhub/boards/XilinxBoardStore/boards/Xilinx/vek280/production/1.1/board.xml as part xcve2802-vsvh1760-2mp-e-s specified in board_part file is either invalid or not available
WARNING: [Board 49-26] cannot add Board Part xilinx.com:vek280:part0:1.2 available at C:/Xilinx/Vivado/2024.1/data/xhub/boards/XilinxBoardStore/boards/Xilinx/vek280/production/1.2/board.xml as part xcve2802-vsvh1760-2mp-e-s specified in board_part file is either invalid or not available
WARNING: [Board 49-26] cannot add Board Part xilinx.com:vek280_es:part0:1.0 available at C:/Xilinx/Vivado/2024.1/data/xhub/boards/XilinxBoardStore/boards/Xilinx/vek280/es/rev_a/1.0/board.xml as part xcve2802-vsvh1760-2lp-e-s-es1 specified in board_part file is either invalid or not available
WARNING: [Board 49-26] cannot add Board Part xilinx.com:vek280_es:part0:1.1 available at C:/Xilinx/Vivado/2024.1/data/xhub/boards/XilinxBoardStore/boards/Xilinx/vek280/es/rev_a/1.1/board.xml as part xcve2802-vsvh1760-2lp-e-s-es1 specified in board_part file is either invalid or not available
WARNING: [Board 49-26] cannot add Board Part xilinx.com:vek280_es_revb:part0:1.0 available at C:/Xilinx/Vivado/2024.1/data/xhub/boards/XilinxBoardStore/boards/Xilinx/vek280/es/rev_b/1.0/board.xml as part xcve2802-vsvh1760-2mp-e-s-es1 specified in board_part file is either invalid or not available
WARNING: [Board 49-26] cannot add Board Part xilinx.com:vek280_es_revb:part0:1.1 available at C:/Xilinx/Vivado/2024.1/data/xhub/boards/XilinxBoardStore/boards/Xilinx/vek280/es/rev_b/1.1/board.xml as part xcve2802-vsvh1760-2mp-e-s-es1 specified in board_part file is either invalid or not available
WARNING: [Board 49-26] cannot add Board Part xilinx.com:vermeo_t1_mpsoc:part0:1.0 available at C:/Xilinx/Vivado/2024.1/data/xhub/boards/XilinxBoardStore/boards/Xilinx/vermeo_t1_mpsoc/1.0/board.xml as part xczu19eg-ffvd1760-2l-e specified in board_part file is either invalid or not available
WARNING: [Board 49-26] cannot add Board Part xilinx.com:vermeo_t1_rfsoc:part0:1.0 available at C:/Xilinx/Vivado/2024.1/data/xhub/boards/XilinxBoardStore/boards/Xilinx/vermeo_t1_rfsoc/1.0/board.xml as part xczu21dr-ffvd1156-2l-e specified in board_part file is either invalid or not available
WARNING: [Board 49-26] cannot add Board Part xilinx.com:vhk158:part0:1.0 available at C:/Xilinx/Vivado/2024.1/data/xhub/boards/XilinxBoardStore/boards/Xilinx/vhk158/production/1.0/board.xml as part xcvh1582-vsva3697-2mp-e-s specified in board_part file is either invalid or not available
WARNING: [Board 49-26] cannot add Board Part xilinx.com:vhk158:part0:1.1 available at C:/Xilinx/Vivado/2024.1/data/xhub/boards/XilinxBoardStore/boards/Xilinx/vhk158/production/1.1/board.xml as part xcvh1582-vsva3697-2mp-e-s specified in board_part file is either invalid or not available
WARNING: [Board 49-26] cannot add Board Part xilinx.com:vhk158_es:part0:1.0 available at C:/Xilinx/Vivado/2024.1/data/xhub/boards/XilinxBoardStore/boards/Xilinx/vhk158/es/1.0/board.xml as part xcvh1582-vsva3697-2mp-e-s-es1 specified in board_part file is either invalid or not available
WARNING: [Board 49-26] cannot add Board Part xilinx.com:vhk158_es:part0:1.1 available at C:/Xilinx/Vivado/2024.1/data/xhub/boards/XilinxBoardStore/boards/Xilinx/vhk158/es/1.1/board.xml as part xcvh1582-vsva3697-2mp-e-s-es1 specified in board_part file is either invalid or not available
WARNING: [Board 49-26] cannot add Board Part xilinx.com:vmk180:part0:2.2 available at C:/Xilinx/Vivado/2024.1/data/xhub/boards/XilinxBoardStore/boards/Xilinx/vmk180/production/2.2/board.xml as part xcvm1802-vsva2197-2mp-e-s specified in board_part file is either invalid or not available
WARNING: [Board 49-26] cannot add Board Part xilinx.com:vmk180:part0:3.0 available at C:/Xilinx/Vivado/2024.1/data/xhub/boards/XilinxBoardStore/boards/Xilinx/vmk180/production/3.0/board.xml as part xcvm1802-vsva2197-2mp-e-s specified in board_part file is either invalid or not available
WARNING: [Board 49-26] cannot add Board Part xilinx.com:vmk180:part0:3.1 available at C:/Xilinx/Vivado/2024.1/data/xhub/boards/XilinxBoardStore/boards/Xilinx/vmk180/production/3.1/board.xml as part xcvm1802-vsva2197-2mp-e-s specified in board_part file is either invalid or not available
WARNING: [Board 49-26] cannot add Board Part xilinx.com:vmk180:part0:3.2 available at C:/Xilinx/Vivado/2024.1/data/xhub/boards/XilinxBoardStore/boards/Xilinx/vmk180/production/3.2/board.xml as part xcvm1802-vsva2197-2mp-e-s specified in board_part file is either invalid or not available
WARNING: [Board 49-26] cannot add Board Part xilinx.com:vmk180_newl:part0:1.0 available at C:/Xilinx/Vivado/2024.1/data/xhub/boards/XilinxBoardStore/boards/Xilinx/vmk180_newl/production/1.0/board.xml as part xcvm1802-vsva2197-2mp-e-s specified in board_part file is either invalid or not available
WARNING: [Board 49-26] cannot add Board Part xilinx.com:vmk180_newl:part0:1.1 available at C:/Xilinx/Vivado/2024.1/data/xhub/boards/XilinxBoardStore/boards/Xilinx/vmk180_newl/production/1.1/board.xml as part xcvm1802-vsva2197-2mp-e-s specified in board_part file is either invalid or not available
WARNING: [Board 49-26] cannot add Board Part xilinx.com:vpk120:part0:1.0 available at C:/Xilinx/Vivado/2024.1/data/xhub/boards/XilinxBoardStore/boards/Xilinx/vpk120/production/1.0/board.xml as part xcvp1202-vsva2785-2mp-e-s specified in board_part file is either invalid or not available
WARNING: [Board 49-26] cannot add Board Part xilinx.com:vpk120:part0:1.1 available at C:/Xilinx/Vivado/2024.1/data/xhub/boards/XilinxBoardStore/boards/Xilinx/vpk120/production/1.1/board.xml as part xcvp1202-vsva2785-2mp-e-s specified in board_part file is either invalid or not available
WARNING: [Board 49-26] cannot add Board Part xilinx.com:vpk120:part0:1.2 available at C:/Xilinx/Vivado/2024.1/data/xhub/boards/XilinxBoardStore/boards/Xilinx/vpk120/production/1.2/board.xml as part xcvp1202-vsva2785-2mp-e-s specified in board_part file is either invalid or not available
WARNING: [Board 49-26] cannot add Board Part xilinx.com:vpk180:part0:1.0 available at C:/Xilinx/Vivado/2024.1/data/xhub/boards/XilinxBoardStore/boards/Xilinx/vpk180/production/1.0/board.xml as part xcvp1802-lsvc4072-2mp-e-s specified in board_part file is either invalid or not available
WARNING: [Board 49-26] cannot add Board Part xilinx.com:vpk180:part0:1.1 available at C:/Xilinx/Vivado/2024.1/data/xhub/boards/XilinxBoardStore/boards/Xilinx/vpk180/production/1.1/board.xml as part xcvp1802-lsvc4072-2mp-e-s specified in board_part file is either invalid or not available
WARNING: [Board 49-26] cannot add Board Part xilinx.com:vpk180:part0:1.2 available at C:/Xilinx/Vivado/2024.1/data/xhub/boards/XilinxBoardStore/boards/Xilinx/vpk180/production/1.2/board.xml as part xcvp1802-lsvc4072-2mp-e-s specified in board_part file is either invalid or not available
WARNING: [Board 49-26] cannot add Board Part xilinx.com:zcu102:part0:3.3 available at C:/Xilinx/Vivado/2024.1/data/xhub/boards/XilinxBoardStore/boards/Xilinx/zcu102/3.3/board.xml as part xczu9eg-ffvb1156-2-e specified in board_part file is either invalid or not available
WARNING: [Board 49-26] cannot add Board Part xilinx.com:zcu102:part0:3.4 available at C:/Xilinx/Vivado/2024.1/data/xhub/boards/XilinxBoardStore/boards/Xilinx/zcu102/3.4/board.xml as part xczu9eg-ffvb1156-2-e specified in board_part file is either invalid or not available
WARNING: [Board 49-26] cannot add Board Part xilinx.com:zcu104:part0:1.1 available at C:/Xilinx/Vivado/2024.1/data/xhub/boards/XilinxBoardStore/boards/Xilinx/zcu104/1.1/board.xml as part xczu7ev-ffvc1156-2-e specified in board_part file is either invalid or not available
WARNING: [Board 49-26] cannot add Board Part xilinx.com:zcu106:part0:2.4 available at C:/Xilinx/Vivado/2024.1/data/xhub/boards/XilinxBoardStore/boards/Xilinx/zcu106/2.4/board.xml as part xczu7ev-ffvc1156-2-e specified in board_part file is either invalid or not available
WARNING: [Board 49-26] cannot add Board Part xilinx.com:zcu106:part0:2.5 available at C:/Xilinx/Vivado/2024.1/data/xhub/boards/XilinxBoardStore/boards/Xilinx/zcu106/2.5/board.xml as part xczu7ev-ffvc1156-2-e specified in board_part file is either invalid or not available
WARNING: [Board 49-26] cannot add Board Part xilinx.com:zcu106:part0:2.6 available at C:/Xilinx/Vivado/2024.1/data/xhub/boards/XilinxBoardStore/boards/Xilinx/zcu106/2.6/board.xml as part xczu7ev-ffvc1156-2-e specified in board_part file is either invalid or not available
WARNING: [Board 49-26] cannot add Board Part xilinx.com:zcu111:part0:1.2 available at C:/Xilinx/Vivado/2024.1/data/xhub/boards/XilinxBoardStore/boards/Xilinx/zcu111/1.2/board.xml as part xczu28dr-ffvg1517-2-e specified in board_part file is either invalid or not available
WARNING: [Board 49-26] cannot add Board Part xilinx.com:zcu111:part0:1.3 available at C:/Xilinx/Vivado/2024.1/data/xhub/boards/XilinxBoardStore/boards/Xilinx/zcu111/1.3/board.xml as part xczu28dr-ffvg1517-2-e specified in board_part file is either invalid or not available
WARNING: [Board 49-26] cannot add Board Part xilinx.com:zcu111:part0:1.4 available at C:/Xilinx/Vivado/2024.1/data/xhub/boards/XilinxBoardStore/boards/Xilinx/zcu111/1.4/board.xml as part xczu28dr-ffvg1517-2-e specified in board_part file is either invalid or not available
WARNING: [Board 49-26] cannot add Board Part xilinx.com:zcu1275:part0:1.0 available at C:/Xilinx/Vivado/2024.1/data/xhub/boards/XilinxBoardStore/boards/Xilinx/zcu1275/1.0/board.xml as part xczu29dr-ffvf1760-2-e specified in board_part file is either invalid or not available
WARNING: [Board 49-26] cannot add Board Part xilinx.com:zcu1285:part0:1.0 available at C:/Xilinx/Vivado/2024.1/data/xhub/boards/XilinxBoardStore/boards/Xilinx/zcu1285/1.0/board.xml as part xczu39dr-ffvf1760-2-i specified in board_part file is either invalid or not available
WARNING: [Board 49-26] cannot add Board Part xilinx.com:zcu208:part0:2.0 available at C:/Xilinx/Vivado/2024.1/data/xhub/boards/XilinxBoardStore/boards/Xilinx/zcu208/production/2.0/board.xml as part xczu48dr-fsvg1517-2-e specified in board_part file is either invalid or not available
WARNING: [Board 49-26] cannot add Board Part xilinx.com:zcu208ld:part0:2.0 available at C:/Xilinx/Vivado/2024.1/data/xhub/boards/XilinxBoardStore/boards/Xilinx/zcu208ld/production/2.0/board.xml as part xczu58dr-fsvg1517-2-i specified in board_part file is either invalid or not available
WARNING: [Board 49-26] cannot add Board Part xilinx.com:zcu216:part0:2.0 available at C:/Xilinx/Vivado/2024.1/data/xhub/boards/XilinxBoardStore/boards/Xilinx/zcu216/production/2.0/board.xml as part xczu49dr-ffvf1760-2-e specified in board_part file is either invalid or not available
WARNING: [Board 49-26] cannot add Board Part xilinx.com:zcu216ld:part0:2.0 available at C:/Xilinx/Vivado/2024.1/data/xhub/boards/XilinxBoardStore/boards/Xilinx/zcu216ld/production/2.0/board.xml as part xczu59dr-ffvf1760-2-i specified in board_part file is either invalid or not available
WARNING: [Board 49-26] cannot add Board Part xilinx.com:zcu670:part0:2.0 available at C:/Xilinx/Vivado/2024.1/data/xhub/boards/XilinxBoardStore/boards/Xilinx/zcu670/2.0/board.xml as part xczu67dr-fsve1156-2-i specified in board_part file is either invalid or not available
WARNING: [Board 49-26] cannot add Board Part xilinx.com:zcu670ld:part0:1.0 available at C:/Xilinx/Vivado/2024.1/data/xhub/boards/XilinxBoardStore/boards/Xilinx/zcu670ld/1.0/board.xml as part xczu57dr-fsve1156-2-i specified in board_part file is either invalid or not available
INFO: [Project 1-313] Project file moved from 'C:/XilinxDev/PBEAI3/BaseDesign/BaseDesign' since last save.
Scanning sources...
Finished scanning sources
INFO: [IP_Flow 19-234] Refreshing IP repositories
INFO: [IP_Flow 19-1700] Loaded user IP repository 'c:/XilinxDev/PBEAI3/OLD_HDMI/PYNQ-master/boards/ip'.
INFO: [IP_Flow 19-2313] Loaded Vivado IP repository 'C:/Xilinx/Vivado/2024.1/data/ip'.
open_project: Time (s): cpu = 00:00:17 ; elapsed = 00:00:49 . Memory (MB): peak = 2451.340 ; gain = 1378.312
update_compile_order -fileset sources_1
open_bd_design {C:/XilinxDev/PBEAI3/EOS_PXL_2025/BaseDesign/BaseDesign.srcs/sources_1/bd/base/base.bd}
Reading block design file <C:/XilinxDev/PBEAI3/EOS_PXL_2025/BaseDesign/BaseDesign.srcs/sources_1/bd/base/base.bd>...
Adding component instance block -- user.org:user:address_remap:1.0 - address_remap_0
Adding component instance block -- xilinx.com:user:audio_codec_ctrl:1.0 - audio_codec_ctrl_0
Adding component instance block -- xilinx.com:ip:axi_interconnect:2.1 - axi_interconnect_0
Adding component instance block -- xilinx.com:ip:axi_crossbar:2.1 - xbar
Adding component instance block -- xilinx.com:ip:axi_protocol_converter:2.1 - auto_pc
Adding component instance block -- xilinx.com:ip:axi_interconnect:2.1 - axi_mem_intercon
Adding component instance block -- xilinx.com:ip:axi_crossbar:2.1 - xbar
Adding component instance block -- xilinx.com:ip:axi_dwidth_converter:2.1 - auto_us
Adding component instance block -- xilinx.com:ip:axi_protocol_converter:2.1 - auto_pc
Adding component instance block -- xilinx.com:ip:axi_protocol_converter:2.1 - axi_protocol_convert_0
Adding component instance block -- xilinx.com:ip:axi_gpio:2.0 - btns_gpio
Adding component instance block -- xilinx.com:ip:clk_wiz:6.0 - clk_wiz_10MHz
Adding component instance block -- xilinx.com:ip:xlconcat:2.1 - concat_interrupts
Adding component instance block -- xilinx.com:ip:xlconcat:2.1 - concat_pmodb
Adding component instance block -- xilinx.com:ip:xlconcat:2.1 - concat_rp
Adding component instance block -- xilinx.com:ip:xlconstant:1.1 - constant_8bit_0
Adding component instance block -- xilinx.com:ip:axi_gpio:2.0 - arduino_gpio
Adding component instance block -- xilinx.com:user:dff_en_reset_vector:1.0 - dff_en_reset_vector_0
Adding component instance block -- xilinx.com:ip:axi_iic:2.1 - iic_direct
Adding component instance block -- xilinx.com:ip:axi_intc:4.1 - intc
Adding component instance block -- xilinx.com:ip:xlconcat:2.1 - interrupt_concat
Adding component instance block -- xilinx.com:ip:axi_gpio:2.0 - intr
Adding component instance block -- xilinx.com:user:io_switch:1.1 - io_switch
Adding component instance block -- xilinx.com:ip:lmb_v10:3.0 - dlmb_v10
Adding component instance block -- xilinx.com:ip:lmb_v10:3.0 - ilmb_v10
Adding component instance block -- xilinx.com:ip:blk_mem_gen:8.4 - lmb_bram
Adding component instance block -- xilinx.com:ip:lmb_bram_if_cntlr:4.0 - lmb_bram_if_cntlr
Adding component instance block -- xilinx.com:ip:xlconstant:1.1 - logic_1
Adding component instance block -- xilinx.com:ip:microblaze:11.0 - mb
Adding component instance block -- xilinx.com:ip:axi_bram_ctrl:4.1 - mb_bram_ctrl
Adding component instance block -- xilinx.com:ip:axi_interconnect:2.1 - microblaze_0_axi_periph
Adding component instance block -- xilinx.com:ip:axi_crossbar:2.1 - xbar
Adding component instance block -- xilinx.com:ip:axi_register_slice:2.1 - s00_regslice
Adding component instance block -- xilinx.com:ip:axi_register_slice:2.1 - m00_regslice
Adding component instance block -- xilinx.com:ip:axi_register_slice:2.1 - m01_regslice
Adding component instance block -- xilinx.com:ip:axi_register_slice:2.1 - m02_regslice
Adding component instance block -- xilinx.com:ip:axi_register_slice:2.1 - m03_regslice
Adding component instance block -- xilinx.com:ip:axi_register_slice:2.1 - m04_regslice
Adding component instance block -- xilinx.com:ip:axi_register_slice:2.1 - m05_regslice
Adding component instance block -- xilinx.com:ip:axi_register_slice:2.1 - m06_regslice
Adding component instance block -- xilinx.com:ip:axi_register_slice:2.1 - m07_regslice
Adding component instance block -- xilinx.com:ip:axi_register_slice:2.1 - m08_regslice
Adding component instance block -- xilinx.com:ip:axi_register_slice:2.1 - m09_regslice
Adding component instance block -- xilinx.com:ip:axi_register_slice:2.1 - m10_regslice
Adding component instance block -- xilinx.com:ip:axi_register_slice:2.1 - m11_regslice
Adding component instance block -- xilinx.com:ip:axi_register_slice:2.1 - m12_regslice
Adding component instance block -- xilinx.com:ip:axi_register_slice:2.1 - m13_regslice
Adding component instance block -- xilinx.com:ip:axi_register_slice:2.1 - m14_regslice
Adding component instance block -- xilinx.com:ip:axi_register_slice:2.1 - m15_regslice
Adding component instance block -- xilinx.com:ip:proc_sys_reset:5.0 - rst_clk_wiz_1_100M
Adding component instance block -- xilinx.com:ip:axi_quad_spi:3.2 - spi_direct
Adding component instance block -- xilinx.com:ip:axi_quad_spi:3.2 - spi_shared
Adding component instance block -- xilinx.com:ip:xlslice:1.0 - mb3_timer_capture_0
Adding component instance block -- xilinx.com:ip:xlslice:1.0 - mb3_timer_capture_1
Adding component instance block -- xilinx.com:ip:xlslice:1.0 - mb3_timer_capture_2
Adding component instance block -- xilinx.com:ip:xlslice:1.0 - mb3_timer_capture_3
Adding component instance block -- xilinx.com:ip:xlslice:1.0 - mb3_timer_capture_4
Adding component instance block -- xilinx.com:ip:xlslice:1.0 - mb3_timer_capture_5
Adding component instance block -- xilinx.com:ip:xlslice:1.0 - mb3_timer_capture_6
Adding component instance block -- xilinx.com:ip:xlslice:1.0 - mb3_timer_capture_7
Adding component instance block -- xilinx.com:ip:xlconcat:2.1 - mb3_timer_generate
Adding component instance block -- xilinx.com:ip:xlconcat:2.1 - mb3_timer_pwm
Adding component instance block -- xilinx.com:ip:xlconcat:2.1 - mb3_timers_interrupt
Adding component instance block -- xilinx.com:ip:axi_timer:2.0 - timer_0
Adding component instance block -- xilinx.com:ip:axi_timer:2.0 - timer_1
Adding component instance block -- xilinx.com:ip:axi_timer:2.0 - timer_2
Adding component instance block -- xilinx.com:ip:axi_timer:2.0 - timer_3
Adding component instance block -- xilinx.com:ip:axi_timer:2.0 - timer_4
Adding component instance block -- xilinx.com:ip:axi_timer:2.0 - timer_5
Adding component instance block -- xilinx.com:ip:axi_uartlite:2.0 - uartlite
Adding component instance block -- xilinx.com:ip:xadc_wiz:3.3 - xadc
Adding component instance block -- xilinx.com:ip:xlconcat:2.1 - iop_interrupts
Adding component instance block -- xilinx.com:user:dff_en_reset_vector:1.0 - dff_en_reset_vector_0
Adding component instance block -- xilinx.com:ip:axi_gpio:2.0 - gpio
Adding component instance block -- xilinx.com:ip:axi_iic:2.1 - iic
Adding component instance block -- xilinx.com:ip:axi_intc:4.1 - intc
Adding component instance block -- xilinx.com:ip:axi_gpio:2.0 - intr
Adding component instance block -- xilinx.com:ip:xlconcat:2.1 - intr_concat
Adding component instance block -- xilinx.com:user:io_switch:1.1 - io_switch
Adding component instance block -- xilinx.com:ip:lmb_v10:3.0 - dlmb_v10
Adding component instance block -- xilinx.com:ip:lmb_v10:3.0 - ilmb_v10
Adding component instance block -- xilinx.com:ip:blk_mem_gen:8.4 - lmb_bram
Adding component instance block -- xilinx.com:ip:lmb_bram_if_cntlr:4.0 - lmb_bram_if_cntlr
Adding component instance block -- xilinx.com:ip:xlconstant:1.1 - logic_1
Adding component instance block -- xilinx.com:ip:microblaze:11.0 - mb
Adding component instance block -- xilinx.com:ip:axi_bram_ctrl:4.1 - mb_bram_ctrl
Adding component instance block -- xilinx.com:ip:axi_interconnect:2.1 - microblaze_0_axi_periph
Adding component instance block -- xilinx.com:ip:axi_crossbar:2.1 - xbar
Adding component instance block -- xilinx.com:ip:axi_register_slice:2.1 - s00_regslice
Adding component instance block -- xilinx.com:ip:axi_register_slice:2.1 - m00_regslice
Adding component instance block -- xilinx.com:ip:axi_register_slice:2.1 - m01_regslice
Adding component instance block -- xilinx.com:ip:axi_register_slice:2.1 - m02_regslice
Adding component instance block -- xilinx.com:ip:axi_register_slice:2.1 - m03_regslice
Adding component instance block -- xilinx.com:ip:axi_register_slice:2.1 - m04_regslice
Adding component instance block -- xilinx.com:ip:axi_register_slice:2.1 - m05_regslice
Adding component instance block -- xilinx.com:ip:axi_register_slice:2.1 - m06_regslice
Adding component instance block -- xilinx.com:ip:axi_register_slice:2.1 - m07_regslice
Adding component instance block -- xilinx.com:ip:proc_sys_reset:5.0 - rst_clk_wiz_1_100M
Adding component instance block -- xilinx.com:ip:axi_quad_spi:3.2 - spi
Adding component instance block -- xilinx.com:ip:axi_timer:2.0 - timer
Adding component instance block -- xilinx.com:user:dff_en_reset_vector:1.0 - dff_en_reset_vector_0
Adding component instance block -- xilinx.com:ip:axi_gpio:2.0 - gpio
Adding component instance block -- xilinx.com:ip:axi_iic:2.1 - iic
Adding component instance block -- xilinx.com:ip:axi_intc:4.1 - intc
Adding component instance block -- xilinx.com:ip:axi_gpio:2.0 - intr
Adding component instance block -- xilinx.com:ip:xlconcat:2.1 - intr_concat
Adding component instance block -- xilinx.com:user:io_switch:1.1 - io_switch
Adding component instance block -- xilinx.com:ip:lmb_v10:3.0 - dlmb_v10
Adding component instance block -- xilinx.com:ip:lmb_v10:3.0 - ilmb_v10
Adding component instance block -- xilinx.com:ip:blk_mem_gen:8.4 - lmb_bram
Adding component instance block -- xilinx.com:ip:lmb_bram_if_cntlr:4.0 - lmb_bram_if_cntlr
Adding component instance block -- xilinx.com:ip:xlconstant:1.1 - logic_1
Adding component instance block -- xilinx.com:ip:microblaze:11.0 - mb
Adding component instance block -- xilinx.com:ip:axi_bram_ctrl:4.1 - mb_bram_ctrl
Adding component instance block -- xilinx.com:ip:axi_interconnect:2.1 - microblaze_0_axi_periph
Adding component instance block -- xilinx.com:ip:axi_crossbar:2.1 - xbar
Adding component instance block -- xilinx.com:ip:axi_register_slice:2.1 - s00_regslice
Adding component instance block -- xilinx.com:ip:axi_register_slice:2.1 - m00_regslice
Adding component instance block -- xilinx.com:ip:axi_register_slice:2.1 - m01_regslice
Adding component instance block -- xilinx.com:ip:axi_register_slice:2.1 - m02_regslice
Adding component instance block -- xilinx.com:ip:axi_register_slice:2.1 - m03_regslice
Adding component instance block -- xilinx.com:ip:axi_register_slice:2.1 - m04_regslice
Adding component instance block -- xilinx.com:ip:axi_register_slice:2.1 - m05_regslice
Adding component instance block -- xilinx.com:ip:axi_register_slice:2.1 - m06_regslice
Adding component instance block -- xilinx.com:ip:axi_register_slice:2.1 - m07_regslice
Adding component instance block -- xilinx.com:ip:proc_sys_reset:5.0 - rst_clk_wiz_1_100M
Adding component instance block -- xilinx.com:ip:axi_quad_spi:3.2 - spi
Adding component instance block -- xilinx.com:ip:axi_timer:2.0 - timer
Adding component instance block -- xilinx.com:user:dff_en_reset_vector:1.0 - dff_en_reset_vector_0
Adding component instance block -- xilinx.com:ip:axi_iic:2.1 - iic_0
Adding component instance block -- xilinx.com:ip:axi_iic:2.1 - iic_1
Adding component instance block -- xilinx.com:ip:axi_intc:4.1 - intc
Adding component instance block -- xilinx.com:ip:axi_gpio:2.0 - intr
Adding component instance block -- xilinx.com:ip:xlconcat:2.1 - intr_concat
Adding component instance block -- xilinx.com:user:io_switch:1.1 - io_switch
Adding component instance block -- xilinx.com:ip:lmb_v10:3.0 - dlmb_v10
Adding component instance block -- xilinx.com:ip:lmb_v10:3.0 - ilmb_v10
Adding component instance block -- xilinx.com:ip:blk_mem_gen:8.4 - lmb_bram
Adding component instance block -- xilinx.com:ip:lmb_bram_if_cntlr:4.0 - lmb_bram_if_cntlr
Adding component instance block -- xilinx.com:ip:xlconstant:1.1 - logic_1
Adding component instance block -- xilinx.com:ip:microblaze:11.0 - mb
Adding component instance block -- xilinx.com:ip:axi_bram_ctrl:4.1 - mb_bram_ctrl
Adding component instance block -- xilinx.com:ip:axi_interconnect:2.1 - microblaze_0_axi_periph
Adding component instance block -- xilinx.com:ip:axi_crossbar:2.1 - xbar
Adding component instance block -- xilinx.com:ip:axi_register_slice:2.1 - s00_regslice
Adding component instance block -- xilinx.com:ip:axi_register_slice:2.1 - m00_regslice
Adding component instance block -- xilinx.com:ip:axi_register_slice:2.1 - m01_regslice
Adding component instance block -- xilinx.com:ip:axi_register_slice:2.1 - m02_regslice
Adding component instance block -- xilinx.com:ip:axi_register_slice:2.1 - m03_regslice
Adding component instance block -- xilinx.com:ip:axi_register_slice:2.1 - m04_regslice
Adding component instance block -- xilinx.com:ip:axi_register_slice:2.1 - m05_regslice
Adding component instance block -- xilinx.com:ip:axi_register_slice:2.1 - m06_regslice
Adding component instance block -- xilinx.com:ip:axi_register_slice:2.1 - m07_regslice
Adding component instance block -- xilinx.com:ip:axi_register_slice:2.1 - m08_regslice
Adding component instance block -- xilinx.com:ip:axi_register_slice:2.1 - m09_regslice
Adding component instance block -- xilinx.com:ip:axi_register_slice:2.1 - m10_regslice
Adding component instance block -- xilinx.com:ip:axi_register_slice:2.1 - m11_regslice
Adding component instance block -- xilinx.com:ip:axi_gpio:2.0 - rpi_gpio
Adding component instance block -- xilinx.com:ip:proc_sys_reset:5.0 - rst_clk_wiz_1_100M
Adding component instance block -- xilinx.com:ip:axi_quad_spi:3.2 - spi_0
Adding component instance block -- xilinx.com:ip:axi_quad_spi:3.2 - spi_1
Adding component instance block -- xilinx.com:ip:xlconcat:2.1 - mb4_timer_pwm
Adding component instance block -- xilinx.com:ip:xlconcat:2.1 - mb4_timers_interrupt
Adding component instance block -- xilinx.com:ip:axi_timer:2.0 - timer_0
Adding component instance block -- xilinx.com:ip:axi_timer:2.0 - timer_1
Adding component instance block -- xilinx.com:ip:axi_uartlite:2.0 - uartlite
Adding component instance block -- xilinx.com:ip:axi_gpio:2.0 - leds_gpio
Adding component instance block -- xilinx.com:ip:xlconstant:1.1 - logic_1
Adding component instance block -- xilinx.com:ip:xlslice:1.0 - mb_iop_arduino_intr_ack
Adding component instance block -- xilinx.com:ip:xlslice:1.0 - mb_iop_arduino_reset
Adding component instance block -- xilinx.com:ip:xlslice:1.0 - mb_iop_pmoda_intr_ack
Adding component instance block -- xilinx.com:ip:xlslice:1.0 - mb_iop_pmoda_reset
Adding component instance block -- xilinx.com:ip:xlslice:1.0 - mb_iop_pmodb_intr_ack
Adding component instance block -- xilinx.com:ip:xlslice:1.0 - mb_iop_pmodb_reset
Adding component instance block -- xilinx.com:ip:xlslice:1.0 - mb_iop_rpi_intr_ack
Adding component instance block -- xilinx.com:ip:xlslice:1.0 - mb_iop_rpi_reset
Adding component instance block -- xilinx.com:ip:mdm:3.2 - mdm_1
Adding component instance block -- xilinx.com:ip:xlslice:1.0 - pmoda_rp_pin_sel
Adding component instance block -- xilinx.com:ip:processing_system7:5.5 - ps7_0
Adding component instance block -- xilinx.com:ip:axi_interconnect:2.1 - ps7_0_axi_periph
Adding component instance block -- xilinx.com:ip:axi_crossbar:2.1 - xbar
Adding component instance block -- xilinx.com:ip:axi_register_slice:2.1 - s00_regslice
Adding component instance block -- xilinx.com:ip:axi_protocol_converter:2.1 - auto_pc
Adding component instance block -- xilinx.com:ip:axi_register_slice:2.1 - m00_regslice
Adding component instance block -- xilinx.com:ip:axi_protocol_converter:2.1 - auto_pc
Adding component instance block -- xilinx.com:ip:axi_register_slice:2.1 - m01_regslice
Adding component instance block -- xilinx.com:ip:axi_register_slice:2.1 - m02_regslice
Adding component instance block -- xilinx.com:ip:axi_protocol_converter:2.1 - auto_pc
Adding component instance block -- xilinx.com:ip:axi_register_slice:2.1 - m03_regslice
Adding component instance block -- xilinx.com:ip:axi_protocol_converter:2.1 - auto_pc
Adding component instance block -- xilinx.com:ip:axi_register_slice:2.1 - m04_regslice
Adding component instance block -- xilinx.com:ip:axi_protocol_converter:2.1 - auto_pc
Adding component instance block -- xilinx.com:ip:axi_register_slice:2.1 - m05_regslice
Adding component instance block -- xilinx.com:ip:axi_protocol_converter:2.1 - auto_pc
Adding component instance block -- xilinx.com:ip:axi_register_slice:2.1 - m06_regslice
Adding component instance block -- xilinx.com:ip:axi_register_slice:2.1 - m07_regslice
Adding component instance block -- xilinx.com:ip:axi_protocol_converter:2.1 - auto_pc
Adding component instance block -- xilinx.com:ip:axi_interconnect:2.1 - ps7_0_axi_periph1
Adding component instance block -- xilinx.com:ip:axi_crossbar:2.1 - xbar
Adding component instance block -- xilinx.com:ip:axi_register_slice:2.1 - s00_regslice
Adding component instance block -- xilinx.com:ip:axi_register_slice:2.1 - m00_regslice
Adding component instance block -- xilinx.com:ip:axi_register_slice:2.1 - m01_regslice
Adding component instance block -- xilinx.com:ip:axi_register_slice:2.1 - m02_regslice
Adding component instance block -- xilinx.com:ip:axi_register_slice:2.1 - m03_regslice
Adding component instance block -- xilinx.com:ip:axi_interconnect:2.1 - ps7_0_axi_periph_1
Adding component instance block -- xilinx.com:ip:axi_crossbar:2.1 - xbar
Adding component instance block -- xilinx.com:ip:axi_protocol_converter:2.1 - auto_pc
Adding component instance block -- xilinx.com:ip:axi_gpio:2.0 - rgbleds_gpio
Adding component instance block -- xilinx.com:ip:proc_sys_reset:5.0 - rst_ps7_0_fclk0
Adding component instance block -- xilinx.com:ip:proc_sys_reset:5.0 - rst_ps7_0_fclk1
Adding component instance block -- xilinx.com:ip:proc_sys_reset:5.0 - rst_ps7_0_fclk3
Adding component instance block -- xilinx.com:user:interface_slice:1.0 - slice_pmodb_gpio
Adding component instance block -- xilinx.com:ip:axi_gpio:2.0 - switches_gpio
Adding component instance block -- xilinx.com:ip:axi_intc:4.1 - system_interrupts
Adding component instance block -- xilinx.com:ip:axi_dma:7.1 - axi_dma_0
Adding component instance block -- xilinx.com:ip:axis_data_fifo:2.0 - axis_data_fifo_0
Adding component instance block -- xilinx.com:ip:xlconstant:1.1 - constant_tkeep_tstrb
Adding component instance block -- xilinx.com:hls:trace_cntrl_64:1.4 - trace_cntrl_64_0
Adding component instance block -- xilinx.com:ip:axi_dma:7.1 - axi_dma_0
Adding component instance block -- xilinx.com:ip:axis_data_fifo:2.0 - axis_data_fifo_0
Adding component instance block -- xilinx.com:ip:xlconstant:1.1 - constant_tkeep_tstrb
Adding component instance block -- xilinx.com:hls:trace_cntrl_32:1.4 - trace_cntrl_32_0
Adding component instance block -- xilinx.com:ip:axi_interconnect:2.1 - axi_interconnect_0
Adding component instance block -- xilinx.com:ip:axi_crossbar:2.1 - xbar
Adding component instance block -- xilinx.com:ip:axi_register_slice:2.1 - s00_regslice
Adding component instance block -- xilinx.com:ip:axi_protocol_converter:2.1 - auto_pc
Adding component instance block -- xilinx.com:ip:axi_register_slice:2.1 - m00_regslice
Adding component instance block -- xilinx.com:ip:axi_register_slice:2.1 - m01_regslice
Adding component instance block -- xilinx.com:ip:axi_clock_converter:2.1 - auto_cc
Adding component instance block -- xilinx.com:ip:axi_register_slice:2.1 - m02_regslice
Adding component instance block -- xilinx.com:ip:axi_clock_converter:2.1 - auto_cc
Adding component instance block -- xilinx.com:ip:axi_register_slice:2.1 - m03_regslice
Adding component instance block -- xilinx.com:ip:axi_register_slice:2.1 - m04_regslice
Adding component instance block -- xilinx.com:ip:axi_register_slice:2.1 - m05_regslice
Adding component instance block -- xilinx.com:ip:axi_register_slice:2.1 - m06_regslice
Adding component instance block -- xilinx.com:ip:axi_clock_converter:2.1 - auto_cc
Adding component instance block -- xilinx.com:ip:axi_register_slice:2.1 - m07_regslice
Adding component instance block -- xilinx.com:ip:axi_clock_converter:2.1 - auto_cc
Adding component instance block -- xilinx.com:ip:axi_register_slice:2.1 - m08_regslice
Adding component instance block -- xilinx.com:ip:axi_register_slice:2.1 - m09_regslice
Adding component instance block -- xilinx.com:ip:axi_interconnect:2.1 - axi_mem_intercon
Adding component instance block -- xilinx.com:ip:axi_crossbar:2.1 - xbar
Adding component instance block -- xilinx.com:ip:axi_dwidth_converter:2.1 - auto_us
Adding component instance block -- xilinx.com:ip:axi_protocol_converter:2.1 - auto_pc
Adding component instance block -- xilinx.com:ip:axi_vdma:6.3 - axi_vdma
Adding component instance block -- xilinx.com:ip:axis_register_slice:1.1 - axis_register_slice_0
Adding component instance block -- xilinx.com:hls:color_convert:1.0 - color_convert
Adding component instance block -- xilinx.com:ip:axi_gpio:2.0 - axi_gpio_hdmiin
Adding component instance block -- xilinx.com:user:color_swap:1.1 - color_swap_0
Adding component instance block -- digilentinc.com:ip:dvi2rgb:1.7 - dvi2rgb_0
Adding component instance block -- xilinx.com:ip:v_vid_in_axi4s:5.0 - v_vid_in_axi4s_0
Adding component instance block -- xilinx.com:ip:v_tc:6.2 - vtc_in
Adding component instance block -- xilinx.com:hls:pixel_pack:1.0 - pixel_pack
Adding component instance block -- xilinx.com:ip:axis_register_slice:1.1 - axis_register_slice_0
Adding component instance block -- xilinx.com:hls:color_convert:1.0 - color_convert
Adding component instance block -- digilentinc.com:ip:axi_dynclk:1.0 - axi_dynclk
Adding component instance block -- xilinx.com:user:color_swap:1.1 - color_swap_0
Adding component instance block -- xilinx.com:ip:axi_gpio:2.0 - hdmi_out_hpd_video
Adding component instance block -- digilentinc.com:ip:rgb2dvi:1.2 - rgb2dvi_0
Adding component instance block -- xilinx.com:ip:v_axi4s_vid_out:4.0 - v_axi4s_vid_out_0
Adding component instance block -- xilinx.com:ip:v_tc:6.2 - vtc_out
Adding component instance block -- xilinx.com:hls:pixel_unpack:1.0 - pixel_unpack
Adding component instance block -- xilinx.com:ip:proc_sys_reset:5.0 - proc_sys_reset_pixelclk
Adding component instance block -- xilinx.com:ip:xlconcat:2.1 - xlconcat_0
Adding component instance block -- xilinx.com:user:wire_distributor:1.0 - collector_pmoda_rpi
Adding component instance block -- xilinx.com:user:wire_distributor:1.0 - collector_rpi_27_8
Adding component instance block -- xilinx.com:user:wire_distributor:1.0 - distributor_pmoda
Adding component instance block -- xilinx.com:user:wire_distributor:1.0 - distributor_rpi
Adding component instance block -- xilinx.com:user:mux_vector:1.0 - pmoda_rpi_o_sel
Adding component instance block -- xilinx.com:user:mux_vector:1.0 - pmoda_rpi_t_sel
Adding component instance block -- xilinx.com:ip:xlconcat:2.1 - rpi_i_27_0
Adding component instance block -- xilinx.com:ip:xlslice:1.0 - pmoda_rpi_1_0
Adding component instance block -- xilinx.com:ip:xlslice:1.0 - pmoda_rpi_3_2
Adding component instance block -- xilinx.com:ip:xlslice:1.0 - pmoda_rpi_5_4
Adding component instance block -- xilinx.com:ip:xlslice:1.0 - pmoda_rpi_7_6
Adding component instance block -- xilinx.com:ip:xlconcat:2.1 - rpi2pmoda
Adding component instance block -- xilinx.com:ip:xlslice:1.0 - rpi_o_27_8
Adding component instance block -- xilinx.com:ip:xlconcat:2.1 - rpi2pmoda
Adding component instance block -- xilinx.com:ip:xlslice:1.0 - rpi_1_0
Adding component instance block -- xilinx.com:ip:xlslice:1.0 - rpi_3_2
Adding component instance block -- xilinx.com:ip:xlslice:1.0 - rpi_5_4
Adding component instance block -- xilinx.com:ip:xlslice:1.0 - rpi_7_6
Adding component instance block -- xilinx.com:ip:xlslice:1.0 - rpi_t_27_8
Adding component instance block -- xilinx.com:ip:xlconcat:2.1 - rpi2pmoda
Adding component instance block -- xilinx.com:ip:xlslice:1.0 - rpi_1_0
Adding component instance block -- xilinx.com:ip:xlslice:1.0 - rpi_3_2
Adding component instance block -- xilinx.com:ip:xlslice:1.0 - rpi_5_4
Adding component instance block -- xilinx.com:ip:xlslice:1.0 - rpi_7_6
Adding component instance block -- xilinx.com:ip:xlconcat:2.1 - xlconcat_0
Successfully read diagram <base> from block design file <C:/XilinxDev/PBEAI3/EOS_PXL_2025/BaseDesign/BaseDesign.srcs/sources_1/bd/base/base.bd>
open_bd_design: Time (s): cpu = 00:00:05 ; elapsed = 00:00:12 . Memory (MB): peak = 3275.426 ; gain = 755.395
exit
INFO: [Common 17-206] Exiting Vivado at Tue Nov 26 12:03:23 2024...
