
*** Running vivado
    with args -log video_out_pynq_z2_auto_pc_0.vds -m64 -product Vivado -mode batch -messageDb vivado.pb -notrace -source video_out_pynq_z2_auto_pc_0.tcl



****** Vivado v2024.1 (64-bit)
  **** SW Build 5076996 on Wed May 22 18:37:14 MDT 2024
  **** IP Build 5075265 on Wed May 22 21:45:21 MDT 2024
  **** SharedData Build 5076995 on Wed May 22 18:29:18 MDT 2024
  **** Start of session at: Mon Dec  2 16:24:40 2024
    ** Copyright 1986-2022 Xilinx, Inc. All Rights Reserved.
    ** Copyright 2022-2024 Advanced Micro Devices, Inc. All Rights Reserved.

source video_out_pynq_z2_auto_pc_0.tcl -notrace
create_project: Time (s): cpu = 00:00:03 ; elapsed = 00:00:09 . Memory (MB): peak = 486.172 ; gain = 201.352
INFO: [IP_Flow 19-234] Refreshing IP repositories
INFO: [IP_Flow 19-1700] Loaded user IP repository 'c:/PXL/EOS_PXL_2025/vivado-library'.
INFO: [IP_Flow 19-2313] Loaded Vivado IP repository 'C:/Xilinx/Vivado/2024.1/data/ip'.
INFO: [IP_Flow 19-6924] IPCACHE: Running cache check for IP inst: video_out_pynq_z2_auto_pc_0
INFO: [IP_Flow 19-6922] IPCACHE: Exporting cached entry dd08e537f9b19842 to dir: C:/PXL/EOS_PXL_2025/Pynq-Z2-Video/hw_proj.runs/video_out_pynq_z2_auto_pc_0_synth_1
INFO: [IP_Flow 19-6928] IPCACHE: copied cached file c:/PXL/EOS_PXL_2025/Pynq-Z2-Video/hw_proj.cache/ip/2024.1/d/d/dd08e537f9b19842/video_out_pynq_z2_auto_pc_0.dcp to C:/PXL/EOS_PXL_2025/Pynq-Z2-Video/hw_proj.runs/video_out_pynq_z2_auto_pc_0_synth_1/video_out_pynq_z2_auto_pc_0.dcp.
INFO: [IP_Flow 19-6928] IPCACHE: copied cached file c:/PXL/EOS_PXL_2025/Pynq-Z2-Video/hw_proj.cache/ip/2024.1/d/d/dd08e537f9b19842/video_out_pynq_z2_auto_pc_0_sim_netlist.v to C:/PXL/EOS_PXL_2025/Pynq-Z2-Video/hw_proj.runs/video_out_pynq_z2_auto_pc_0_synth_1/video_out_pynq_z2_auto_pc_0_sim_netlist.v.
INFO: [IP_Flow 19-6928] IPCACHE: copied cached file c:/PXL/EOS_PXL_2025/Pynq-Z2-Video/hw_proj.cache/ip/2024.1/d/d/dd08e537f9b19842/video_out_pynq_z2_auto_pc_0_sim_netlist.vhdl to C:/PXL/EOS_PXL_2025/Pynq-Z2-Video/hw_proj.runs/video_out_pynq_z2_auto_pc_0_synth_1/video_out_pynq_z2_auto_pc_0_sim_netlist.vhdl.
INFO: [IP_Flow 19-6928] IPCACHE: copied cached file c:/PXL/EOS_PXL_2025/Pynq-Z2-Video/hw_proj.cache/ip/2024.1/d/d/dd08e537f9b19842/video_out_pynq_z2_auto_pc_0_stub.v to C:/PXL/EOS_PXL_2025/Pynq-Z2-Video/hw_proj.runs/video_out_pynq_z2_auto_pc_0_synth_1/video_out_pynq_z2_auto_pc_0_stub.v.
INFO: [IP_Flow 19-6928] IPCACHE: copied cached file c:/PXL/EOS_PXL_2025/Pynq-Z2-Video/hw_proj.cache/ip/2024.1/d/d/dd08e537f9b19842/video_out_pynq_z2_auto_pc_0_stub.vhdl to C:/PXL/EOS_PXL_2025/Pynq-Z2-Video/hw_proj.runs/video_out_pynq_z2_auto_pc_0_synth_1/video_out_pynq_z2_auto_pc_0_stub.vhdl.
INFO: [IP_Flow 19-4838] Using cached IP synthesis design for IP video_out_pynq_z2_auto_pc_0, cache-ID = dd08e537f9b19842.
INFO: [Common 17-206] Exiting Vivado at Mon Dec  2 16:24:54 2024...
